
> my-needle-engine-project@1.0.0 build:production
> npm run build:dev && npm run gltf:transform C:\Program Files\KTX-Software\bin


> my-needle-engine-project@1.0.0 build:dev
> vite build

[needle-alias] ProjectDirectory: E:\Dvlp\Prjs\Work\Needle\Modules\needle-engine-samples\package\WebProjects~\HTMLCustomLayout/
[36mvite v3.2.6 [32mbuilding for production...[36m[39m
[needle-copy-files] - Copy engine include to E:\Dvlp\Prjs\Work\Needle\Modules\needle-engine-samples\package\WebProjects~\HTMLCustomLayout/include
transforming...
[32m✓[39m 363 modules transformed.
rendering chunks...
[90m[37m[2mdist/[22m[90m[39m[32massets/favicon.8d99ceea.ico  [39m [2m14.73 KiB[22m
[90m[37m[2mdist/[22m[90m[39m[32massets/logo.b18cd8df.svg     [39m [2m3.14 KiB[22m
[90m[37m[2mdist/[22m[90m[39m[32mindex.html                   [39m [2m4.21 KiB[22m
[90m[37m[2mdist/[22m[90m[39m[35massets/index.2d9a57e5.css    [39m [2m0.97 KiB / gzip: 0.47 KiB[22m
[90m[37m[2mdist/[22m[90m[39m[36massets/index.863aa944.js     [39m [33m4077.62 KiB / gzip: 1314.36 KiB[39m
[needle-copy-files] - Copy engine include to E:\Dvlp\Prjs\Work\Needle\Modules\needle-engine-samples\package\WebProjects~\HTMLCustomLayout/include
[needle-copy-files] - Copy assets to dist/assets
[needle-copy-files] - Copy include to dist/include

> my-needle-engine-project@1.0.0 gltf:transform
> npm run transform --prefix node_modules/@needle-tools/gltf-build-pipeline C:\Program Files\KTX-Software\bin


> @needle-tools/gltf-build-pipeline@1.0.4 transform
> node index.mjs C:\Program Files\KTX-Software\bin

INFO: Run progressive transform: C:\Program Files\nodejs\node.exe,E:\Dvlp\Prjs\Work\Needle\Modules\needle-engine-samples\package\WebProjects~\HTMLCustomLayout\node_modules\@needle-tools\gltf-build-pipeline\make-progressive.mjs,C:\Program Files\KTX-Software\bin
INFO: Using build directory from needle.config.json: dist
INFO: Resolved path: dist -> E:\Dvlp\Prjs\Work\Needle\Modules\needle-engine-samples\package\WebProjects~\HTMLCustomLayout/dist
Make progressive: E:\Dvlp\Prjs\Work\Needle\Modules\needle-engine-samples\package\WebProjects~\HTMLCustomLayout/dist/assets/myScene.glb
Progressive transform finished in 0.0 sec.
INFO: Using build directory from needle.config.json: dist
INFO: Resolved path: dist -> E:\Dvlp\Prjs\Work\Needle\Modules\needle-engine-samples\package\WebProjects~\HTMLCustomLayout/dist
→ Begin packing: E:\Dvlp\Prjs\Work\Needle\Modules\needle-engine-samples\package\WebProjects~\HTMLCustomLayout/dist/assets/myScene.glb
INFO: Environment variable 'NEEDLE_TOKTX' not set. Use 'NEEDLE_TOKTX' to specify the directory of the toktx installation (path/to/bin)
toktx: Found KTX-Software v4.1.0-rc3.
prune: No unused properties found.
prune: Complete.
dedup: Found 0 duplicates among 6 indices.
dedup: Found 0 duplicates among 34 attributes.
dedup: Found 0 duplicates among 0 animation accessors.
dedup: Complete.
weld: Complete.
[KHR_draco_mesh_compression] Compression options: {"method":1,"encodeSpeed":5,"decodeSpeed":5,"quantizationBits":{"POSITION":14,"NORMAL":10,"COLOR":8,"TEX_COORD":12,"GENERIC":12},"quantizationVolume":"mesh"}
[KHR_draco_mesh_compression] Compressed 6 primitives.
← Compressing done in 0.2 sec, 0.5 MB → 0.1 MB (GPU: 0.0 MB textures): myScene.glb at E:\Dvlp\Prjs\Work\Needle\Modules\needle-engine-samples\package\WebProjects~\HTMLCustomLayout/dist/assets/myScene.glb
