
> my-project@1.0.0 build:production
> npm run build:dev && npm run gltf:transform


> my-project@1.0.0 build:dev
> tsc && vite build && npm run copy-files

[needle-alias] ProjectDirectory: E:\Dvlp\Prjs\Work\Needle\Modules\needle-engine-samples\package\WebProjects~\Scrollytelling/
[36mvite v3.2.6 [32mbuilding for production...[36m[39m
[needle-copy-files] - Copy engine include to E:\Dvlp\Prjs\Work\Needle\Modules\needle-engine-samples\package\WebProjects~\Scrollytelling/include
Needle Engine version: 3.5.9-alpha.2
transforming...
Applying license: pro
[32m✓[39m 376 modules transformed.
rendering chunks...
[90m[37m[2mdist/[22m[90m[39m[32massets/favicon.8d99ceea.ico  [39m [2m14.73 KiB[22m
[90m[37m[2mdist/[22m[90m[39m[32massets/logo.b18cd8df.svg     [39m [2m3.14 KiB[22m
[90m[37m[2mdist/[22m[90m[39m[32mindex.html                   [39m [2m3.68 KiB[22m
[90m[37m[2mdist/[22m[90m[39m[35massets/index.a5d374aa.css    [39m [2m1.58 KiB / gzip: 0.70 KiB[22m
[90m[37m[2mdist/[22m[90m[39m[36massets/index.1cedac95.js     [39m [33m4133.38 KiB / gzip: 1330.43 KiB[39m
[needle-copy-files] - Copy engine include to E:\Dvlp\Prjs\Work\Needle\Modules\needle-engine-samples\package\WebProjects~\Scrollytelling/include
[needle-copy-files] - Copy assets to dist/assets
[needle-copy-files] - Copy include to dist/include

> my-project@1.0.0 copy-files
> copy-files-from-to

Reading copy instructions from file package.json

Starting copy operation in "default" mode:
 ✓ Already exists dist/assets/madeWithNeedle.glb
 ✓ Already exists dist/include/console/ConsoleReroute.js
 ✓ Already exists dist/include/draco/draco_decoder.js
 ✓ Already exists dist/include/draco/draco_decoder.wasm
 ✓ Already exists dist/include/ktx2/basis_transcoder.js
 ✓ Already exists dist/include/ktx2/basis_transcoder.wasm
 ✓ Already exists dist/include/three/ARButton.js
 ✓ Already exists dist/include/three/DragControls.js
 ✓ Already exists dist/include/three/EXT_mesh_gpu_instancing_exporter.js
 ✓ Already exists dist/include/three/VRButton.js
 ✓ Already exists dist/include/three-mesh-ui-assets/backspace.png
 ✓ Already exists dist/include/three-mesh-ui-assets/enter.png
 ✓ Already exists dist/include/three-mesh-ui-assets/shift.png
 ✓ Already exists include/console/ConsoleReroute.js
 ✓ Already exists include/draco/draco_decoder.js
 ✓ Already exists include/draco/draco_decoder.wasm
 ✓ Already exists include/ktx2/basis_transcoder.js
 ✓ Already exists include/ktx2/basis_transcoder.wasm
 ✓ Already exists include/three/ARButton.js
 ✓ Already exists include/three/DragControls.js
 ✓ Already exists include/three/EXT_mesh_gpu_instancing_exporter.js
 ✓ Already exists include/three/VRButton.js
 ✓ Already exists include/three-mesh-ui-assets/backspace.png
 ✓ Already exists include/three-mesh-ui-assets/enter.png
 ✓ Already exists include/three-mesh-ui-assets/shift.png
 ✓ Already exists dist/include/poster.webp
 ✓ Already exists dist/include/Scrollytelling.jpg
 ✓ Already exists dist/include/console/ConsoleReroute.js
 ✓ Already exists dist/include/draco/draco_decoder.js
 ✓ Already exists dist/include/draco/draco_decoder.wasm
 ✓ Already exists dist/include/ktx2/basis_transcoder.js
 ✓ Already exists dist/include/ktx2/basis_transcoder.wasm
 ✓ Already exists dist/include/three/ARButton.js
 ✓ Already exists dist/include/three/DragControls.js
 ✓ Already exists dist/include/three/EXT_mesh_gpu_instancing_exporter.js
 ✓ Already exists dist/include/three/VRButton.js
 ✓ Already exists dist/include/three-mesh-ui-assets/backspace.png
 ✓ Already exists dist/include/three-mesh-ui-assets/enter.png
 ✓ Already exists dist/include/three-mesh-ui-assets/shift.png

> my-project@1.0.0 gltf:transform
> npm run transform --prefix node_modules/@needle-tools/gltf-build-pipeline


> @needle-tools/gltf-build-pipeline@1.1.1 transform
> node index.mjs

INFO: Run progressive transform: C:\Program Files\nodejs\node.exe,E:\Dvlp\Prjs\Work\Needle\Modules\needle-engine-samples\package\WebProjects~\Scrollytelling\node_modules\@needle-tools\gltf-build-pipeline\make-progressive.mjs
INFO: Using build directory from needle.config.json: dist
INFO: Resolved path: dist -> E:\Dvlp\Prjs\Work\Needle\Modules\needle-engine-samples\package\WebProjects~\Scrollytelling/dist
Make progressive: E:\Dvlp\Prjs\Work\Needle\Modules\needle-engine-samples\package\WebProjects~\Scrollytelling/dist/assets/madeWithNeedle.glb
> Pass compression extension to new texture
Progressive image 2: using cached preview version (size: 32,32))
Progressive transform finished in 0.0 sec.
INFO: Using build directory from needle.config.json: dist
INFO: Resolved path: dist -> E:\Dvlp\Prjs\Work\Needle\Modules\needle-engine-samples\package\WebProjects~\Scrollytelling/dist
→ Begin packing: E:\Dvlp\Prjs\Work\Needle\Modules\needle-engine-samples\package\WebProjects~\Scrollytelling/dist/assets/image_0_2800000_afd8574eacbd3c54cb156ec364f3bbd0.glb
→ Begin packing: E:\Dvlp\Prjs\Work\Needle\Modules\needle-engine-samples\package\WebProjects~\Scrollytelling/dist/assets/madeWithNeedle.glb
INFO: Environment variable 'NEEDLE_TOKTX' not set. Use 'NEEDLE_TOKTX' to specify the directory of the toktx installation (path/to/bin)
toktx: Found KTX-Software v4.1.0-rc3.
> Using cached texture  [0] – 55 KB
prune: No unused properties found.
prune: Complete.
dedup: Found 0 duplicates among 0 accessors.
dedup: Complete.
dedup: Complete.
weld: Complete.
[KHR_draco_mesh_compression] Compression options: {"method":1,"encodeSpeed":5,"decodeSpeed":5,"quantizationBits":{"POSITION":14,"NORMAL":10,"COLOR":8,"TEX_COORD":12,"GENERIC":12},"quantizationVolume":"mesh"}
[KHR_draco_mesh_compression] Compressed 0 primitives.
> Using cached texture generated_plastic [0] – 297 KB
> Using cached texture needle-website.png [1] – 0 KB
prune: No unused properties found.
prune: Complete.
dedup: Found 57 duplicates among 254 accessors.
dedup: Complete.
dedup: Complete.
weld: Complete.
[KHR_draco_mesh_compression] Compression options: {"method":1,"encodeSpeed":5,"decodeSpeed":5,"quantizationBits":{"POSITION":14,"NORMAL":10,"COLOR":8,"TEX_COORD":12,"GENERIC":12},"quantizationVolume":"mesh"}
[KHR_draco_mesh_compression] Compressed 27 primitives.
← Compressing done in 0.3 sec, 0.3 MB → 0.1 MB (GPU: 5.3 MB textures): image_0_2800000_afd8574eacbd3c54cb156ec364f3bbd0.glb at E:\Dvlp\Prjs\Work\Needle\Modules\needle-engine-samples\package\WebProjects~\Scrollytelling/dist/assets/image_0_2800000_afd8574eacbd3c54cb156ec364f3bbd0.glb
← Compressing done in 0.3 sec, 1.3 MB → 0.7 MB (GPU: 0.3 MB textures): madeWithNeedle.glb at E:\Dvlp\Prjs\Work\Needle\Modules\needle-engine-samples\package\WebProjects~\Scrollytelling/dist/assets/madeWithNeedle.glb
