
> my-needle-engine-project@1.0.0 build:production
> npm run build:dev && npm run gltf:transform


> my-needle-engine-project@1.0.0 build:dev
> vite build

[needle-alias] ProjectDirectory: D:\Needle\needle-engine-dev\modules\needle-engine-samples\package\WebProjects~\Canvas_P5js/
[36mvite v4.3.9 [32mbuilding for production...[36m[39m
[needle-copy-files] - Copy engine include to D:\Needle\needle-engine-dev\modules\needle-engine-samples\package\WebProjects~\Canvas_P5js/include
Needle Engine version: 3.6.10
transforming...
Applying license: pro
[32m✓[39m 377 modules transformed.
rendering chunks...
computing gzip size...
[2mdist/[22m[32mindex.html                   [39m[1m[2m    4.20 kB[22m[1m[22m[2m │ gzip:     1.43 kB[22m
[2mdist/[22m[32massets/favicon-8d99ceea.ico  [39m[1m[2m   15.09 kB[22m[1m[22m
[2mdist/[22m[35massets/index-5bd66df2.css    [39m[1m[2m    1.27 kB[22m[1m[22m[2m │ gzip:     0.57 kB[22m
[2mdist/[22m[36massets/index-f375f42e.js     [39m[1m[33m4,371.87 kB[39m[22m[2m │ gzip: 1,444.04 kB[22m
[needle-copy-files] - Copy engine include to D:\Needle\needle-engine-dev\modules\needle-engine-samples\package\WebProjects~\Canvas_P5js/include
[needle-copy-files] - Copy assets to dist/assets
[needle-copy-files] - Copy include to dist/include
[32m✓ built in 6.99s[39m

> my-needle-engine-project@1.0.0 gltf:transform
> npm run transform --prefix node_modules/@needle-tools/gltf-build-pipeline


> @needle-tools/gltf-build-pipeline@1.1.4 transform
> node index.mjs

[Needle Build Pipeline] transform to progressive — version 1.1.4
INFO: Run progressive transform: C:\Program Files\nodejs\node.exe,D:\Needle\needle-engine-dev\modules\needle-engine-samples\package\WebProjects~\Canvas_P5js\node_modules\@needle-tools\gltf-build-pipeline\make-progressive.mjs
INFO: Using build directory from needle.config.json: dist
INFO: Resolved path: dist -> D:\Needle\needle-engine-dev\modules\needle-engine-samples\package\WebProjects~\Canvas_P5js/dist
Make progressive: D:\Needle\needle-engine-dev\modules\needle-engine-samples\package\WebProjects~\Canvas_P5js/dist/assets/sceneRoot.glb
Progressive transform finished in 0.0 sec.
[Needle Build Pipeline] pack glTF — version 1.1.4
INFO: Using build directory from needle.config.json: dist
INFO: Resolved path: dist -> D:\Needle\needle-engine-dev\modules\needle-engine-samples\package\WebProjects~\Canvas_P5js/dist
→ Begin packing: D:\Needle\needle-engine-dev\modules\needle-engine-samples\package\WebProjects~\Canvas_P5js/dist/assets/sceneRoot.glb
toktx: Found KTX-Software v4.1.0-rc3.
[needle_mesh_transform]: No compression model configured → will apply draco mesh compression
prune: No unused properties found.
prune: Complete.
dedup: Found 0 duplicates among 11 accessors.
dedup: Complete.
dedup: Complete.
weld: Complete.
[KHR_draco_mesh_compression] Compression options: {"method":1,"encodeSpeed":5,"decodeSpeed":5,"quantizationBits":{"POSITION":14,"NORMAL":10,"COLOR":8,"TEX_COORD":12,"GENERIC":12},"quantizationVolume":"mesh"}
[KHR_draco_mesh_compression] Compressed 2 primitives.
← Compressing done in 0.1 sec, 0.1 MB → 0.1 MB (GPU: 0.0 MB textures): sceneRoot.glb at D:\Needle\needle-engine-dev\modules\needle-engine-samples\package\WebProjects~\Canvas_P5js/dist/assets/sceneRoot.glb
[Needle Build Pipeline] v1.1.4 — Finished packing 1 files in 0.0 minutes; total size 0.1 MB → 0.1 MB, total GPU memory: 0.0 MB
